<?xml version="1.0" encoding="UTF-8"?>
<!-- Generated by org.testng.reporters.JUnitReportReporter -->
<testsuite hostname="DESKTOP-FF0AIQ5" failures="0" tests="1" name="Face.Login" time="27.668" errors="0" timestamp="2023-04-14T16:03:16 IST" skipped="0">
  <testcase classname="Face.Login" name="veify_login" time="27.668"/>
  <system-out/>
</testsuite> <!-- Face.Login -->
